<?xml version="1.0" encoding="UTF-8"?>
<!-- Generated by org.testng.reporters.JUnitXMLReporter -->
<testsuite ignored="0" hostname="DESKTOP-PQFFS2E" failures="1" tests="2" name="Command line test" time="42.769" errors="0" timestamp="27 Mar 2022 18:21:08 GMT">
  <testcase classname="com.crm.qa.test.LoginPage_Test" name="LoginPageURLTest" time="0.027">
    <failure type="java.lang.AssertionError" message="null">
      <![CDATA[java.lang.AssertionError: null
	at com.crm.qa.test.LoginPage_Test.LoginPageURLTest(LoginPage_Test.java:35)
... Removed 37 stack frames]]>
    </failure>
  </testcase> <!-- LoginPageURLTest -->
  <testcase classname="com.crm.qa.test.LoginPage_Test" name="LoginPageTest" time="19.031"/>
</testsuite> <!-- Command line test -->
