<?xml version="1.0" encoding="UTF-8" ?>
<testsuite tests="2" failures="1" name="com.crm.qa.test.LoginPage_Test" time="19.069" errors="0" skipped="0">
  <properties>
[...]
</properties>
  <testcase classname="com.crm.qa.test.LoginPage_Test" name="LoginPageURLTest" time="0.038">
    <failure type="java.lang.AssertionError:">java.lang.AssertionError: null
	at org.testng.Assert.fail(Assert.java:93)
	at org.testng.Assert.assertNotEquals(Assert.java:897)
	at org.testng.Assert.assertNotEquals(Assert.java:902)
	at com.crm.qa.test.LoginPage_Test.LoginPageURLTest(LoginPage_Test.java:35)
</failure>
    <system-out>Configuring TestNG with: org.apache.maven.surefire.testng.conf.TestNG652Configurator@2280cdac
https://www.freecrm.com/
</system-out>
    <system-err>1648405227164	mozrunner::runner	INFO	Running command: &quot;C:\\Program Files\\Mozilla Firefox\\firefox.exe&quot; &quot;-marionette&quot; &quot;-foreground&quot; &quot;-no-remote&quot; &quot;-profile&quot; &quot;C:\\Users\\RAJAT\\AppData\\Local\\Temp\\rust_mozprofileuVBy22&quot;
1648405228113	Marionette	INFO	Marionette enabled
JavaScript error: resource://gre/modules/XULStore.jsm, line 66: Error: Can&apos;t find profile directory.
console.warn: SearchSettings: &quot;get: No settings file exists, new profile?&quot; (new NotFoundError(&quot;Could not open the file at C:\\Users\\RAJAT\\AppData\\Local\\Temp\\rust_mozprofileuVBy22\\search.json.mozlz4&quot;, (void 0)))
1648405232942	Marionette	INFO	Listening on port 11200
1648405233088	RemoteAgent	WARN	TLS certificate errors will be ignored for this session
Mar 27, 2022 11:50:33 PM org.openqa.selenium.remote.ProtocolHandshake createSession
INFO: Detected dialect: W3C
</system-err>
  </testcase>
  <testcase classname="com.crm.qa.test.LoginPage_Test" name="LoginPageTest" time="19.031"/>
</testsuite>