<?xml version="1.0" encoding="UTF-8"?>
<testng-results ignored="0" total="2" passed="2" failed="0" skipped="0">
  <reporter-output>
  </reporter-output>
  <suite started-at="2022-03-27T10:44:36Z" name="com.crm.qa.test.LoginPage_Test" finished-at="2022-03-27T10:45:27Z" duration-ms="50866">
    <groups>
    </groups>
    <test started-at="2022-03-27T10:44:36Z" name="Command line test" finished-at="2022-03-27T10:45:27Z" duration-ms="50866">
      <class name="com.crm.qa.test.LoginPage_Test">
        <test-method is-config="true" signature="TestSetup()[pri:0, instance:com.crm.qa.test.LoginPage_Test@65466a6a]" started-at="2022-03-27T16:14:36Z" name="TestSetup" finished-at="2022-03-27T16:14:52Z" duration-ms="15467" status="PASS">
          <reporter-output>
          </reporter-output>
        </test-method> <!-- TestSetup -->
        <test-method signature="LoginPageURLTest()[pri:1, instance:com.crm.qa.test.LoginPage_Test@65466a6a]" started-at="2022-03-27T16:14:52Z" name="LoginPageURLTest" finished-at="2022-03-27T16:14:52Z" duration-ms="12" status="PASS">
          <reporter-output>
          </reporter-output>
        </test-method> <!-- LoginPageURLTest -->
        <test-method is-config="true" signature="teardown()[pri:0, instance:com.crm.qa.test.LoginPage_Test@65466a6a]" started-at="2022-03-27T16:14:52Z" name="teardown" finished-at="2022-03-27T16:14:53Z" duration-ms="1382" status="PASS">
          <reporter-output>
          </reporter-output>
        </test-method> <!-- teardown -->
        <test-method is-config="true" signature="TestSetup()[pri:0, instance:com.crm.qa.test.LoginPage_Test@65466a6a]" started-at="2022-03-27T16:14:53Z" name="TestSetup" finished-at="2022-03-27T16:15:07Z" duration-ms="13559" status="PASS">
          <reporter-output>
          </reporter-output>
        </test-method> <!-- TestSetup -->
        <test-method signature="LoginPageTest()[pri:2, instance:com.crm.qa.test.LoginPage_Test@65466a6a]" started-at="2022-03-27T16:15:07Z" name="LoginPageTest" finished-at="2022-03-27T16:15:26Z" duration-ms="18942" status="PASS">
          <reporter-output>
          </reporter-output>
        </test-method> <!-- LoginPageTest -->
        <test-method is-config="true" signature="teardown()[pri:0, instance:com.crm.qa.test.LoginPage_Test@65466a6a]" started-at="2022-03-27T16:15:26Z" name="teardown" finished-at="2022-03-27T16:15:27Z" duration-ms="1467" status="PASS">
          <reporter-output>
          </reporter-output>
        </test-method> <!-- teardown -->
      </class> <!-- com.crm.qa.test.LoginPage_Test -->
    </test> <!-- Command line test -->
  </suite> <!-- com.crm.qa.test.LoginPage_Test -->
</testng-results>
