<?xml version="1.0" encoding="UTF-8"?>
<testng-results ignored="0" total="2" passed="2" failed="0" skipped="0">
  <reporter-output>
  </reporter-output>
  <suite started-at="2022-03-27T10:34:47Z" name="Default suite" finished-at="2022-03-27T10:35:28Z" duration-ms="41194">
    <groups>
    </groups>
    <test started-at="2022-03-27T10:34:47Z" name="Default test" finished-at="2022-03-27T10:35:28Z" duration-ms="41194">
      <class name="com.crm.qa.test.LoginPage_Test">
        <test-method is-config="true" signature="TestSetup()[pri:0, instance:com.crm.qa.test.LoginPage_Test@7d0b7e3c]" started-at="2022-03-27T16:04:47Z" name="TestSetup" finished-at="2022-03-27T16:04:57Z" duration-ms="10176" status="PASS">
          <reporter-output>
          </reporter-output>
        </test-method> <!-- TestSetup -->
        <test-method signature="LoginPageURLTest()[pri:1, instance:com.crm.qa.test.LoginPage_Test@7d0b7e3c]" started-at="2022-03-27T16:04:57Z" name="LoginPageURLTest" finished-at="2022-03-27T16:04:57Z" duration-ms="51" status="PASS">
          <reporter-output>
          </reporter-output>
        </test-method> <!-- LoginPageURLTest -->
        <test-method is-config="true" signature="teardown()[pri:0, instance:com.crm.qa.test.LoginPage_Test@7d0b7e3c]" started-at="2022-03-27T16:04:57Z" name="teardown" finished-at="2022-03-27T16:04:58Z" duration-ms="1297" status="PASS">
          <reporter-output>
          </reporter-output>
        </test-method> <!-- teardown -->
        <test-method is-config="true" signature="TestSetup()[pri:0, instance:com.crm.qa.test.LoginPage_Test@7d0b7e3c]" started-at="2022-03-27T16:04:58Z" name="TestSetup" finished-at="2022-03-27T16:05:07Z" duration-ms="8951" status="PASS">
          <reporter-output>
          </reporter-output>
        </test-method> <!-- TestSetup -->
        <test-method signature="LoginPageTest()[pri:2, instance:com.crm.qa.test.LoginPage_Test@7d0b7e3c]" started-at="2022-03-27T16:05:07Z" name="LoginPageTest" finished-at="2022-03-27T16:05:26Z" duration-ms="19054" status="PASS">
          <reporter-output>
          </reporter-output>
        </test-method> <!-- LoginPageTest -->
        <test-method is-config="true" signature="teardown()[pri:0, instance:com.crm.qa.test.LoginPage_Test@7d0b7e3c]" started-at="2022-03-27T16:05:26Z" name="teardown" finished-at="2022-03-27T16:05:28Z" duration-ms="1634" status="PASS">
          <reporter-output>
          </reporter-output>
        </test-method> <!-- teardown -->
      </class> <!-- com.crm.qa.test.LoginPage_Test -->
    </test> <!-- Default test -->
  </suite> <!-- Default suite -->
</testng-results>
